#
# A fatal error has been detected by the Java Runtime Environment:
#
#  SIGSEGV (0xb) at pc=0x00007f0b40b6e33a, pid=13372, tid=139687389705984
#
# JRE version: Java(TM) SE Runtime Environment (8.0_60-b27) (build 1.8.0_60-b27)
# Java VM: Java HotSpot(TM) 64-Bit Server VM (25.60-b23 mixed mode linux-amd64 compressed oops)
# Problematic frame:
# C  [libtesseract.so.3.0.3+0x22533a]  ERRCODE::error(char const*, TessErrorLogCode, char const*, ...) const+0x16a
#
# Failed to write core dump. Core dumps have been disabled. To enable core dumping, try "ulimit -c unlimited" before starting Java again
#
# If you would like to submit a bug report, please visit:
#   http://bugreport.java.com/bugreport/crash.jsp
# The crash happened outside the Java Virtual Machine in native code.
# See problematic frame for where to report the bug.
#

---------------  T H R E A D  ---------------

Current thread (0x00007f0b7800a000):  JavaThread "main" [_thread_in_native, id=13378, stack(0x00007f0b812e3000,0x00007f0b813e4000)]

siginfo: si_signo: 11 (SIGSEGV), si_code: 1 (SEGV_MAPERR), si_addr: 0x0000000000000000

Registers:
RAX=0x000000000000004e, RBX=0x00007f0b813e0a50, RCX=0x00007f0b808d088d, RDX=0x00007f0b80ba59d0
RSP=0x00007f0b813e0a30, RBP=0x0000000000000002, RSI=0x000000000000004e, RDI=0x00007f0b813de200
R8 =0x00007f0b813e3700, R9 =0x61646120656c6966, R10=0x00007f0b80ba1be0, R11=0x0000000000000000
R12=0x00007f0b813e0a7d, R13=0x00007f0b40b77177, R14=0x00007f0b40e244a0, R15=0x00007f0b40b8d7ff
RIP=0x00007f0b40b6e33a, EFLAGS=0x0000000000010246, CSGSFS=0x0000000000000033, ERR=0x0000000000000004
  TRAPNO=0x000000000000000e

Top of Stack: (sp=0x00007f0b813e0a30)
0x00007f0b813e0a30:   0000000000000000 0000003000000030
0x00007f0b813e0a40:   00007f0b813e0f40 00007f0b813e0e60
0x00007f0b813e0a50:   5464657470616441 736574616c706d65
0x00007f0b813e0a60:   4c4c554e203d2120 413a726f7272453a
0x00007f0b813e0a70:   6166207472657373 206e693a64656c69
0x00007f0b813e0a80:   61646120656c6966 2e686374616d7470
0x00007f0b813e0a90:   6e696c202c707063 00000a3437312065
0x00007f0b813e0aa0:   0000000000000000 0000000000000000
0x00007f0b813e0ab0:   0000000000000000 0000000000000000
0x00007f0b813e0ac0:   0000000000000000 0000000000000000
0x00007f0b813e0ad0:   0000000000000000 0000000000000000
0x00007f0b813e0ae0:   0000000000000000 0000000000000000
0x00007f0b813e0af0:   0000000000000000 0000000000000000
0x00007f0b813e0b00:   0000000000000000 0000000000000000
0x00007f0b813e0b10:   0000000000000000 0000000000000000
0x00007f0b813e0b20:   0000000000000000 0000000000000000
0x00007f0b813e0b30:   0000000000000000 0000000000000000
0x00007f0b813e0b40:   0000000000000000 0000000000000000
0x00007f0b813e0b50:   0000000000000000 0000000000000000
0x00007f0b813e0b60:   0000000000000000 0000000000000000
0x00007f0b813e0b70:   0000000000000000 0000000000000000
0x00007f0b813e0b80:   0000000000000000 0000000000000000
0x00007f0b813e0b90:   0000000000000000 0000000000000000
0x00007f0b813e0ba0:   0000000000000000 0000000000000000
0x00007f0b813e0bb0:   0000000000000000 0000000000000000
0x00007f0b813e0bc0:   0000000000000000 0000000000000000
0x00007f0b813e0bd0:   0000000000000000 0000000000000000
0x00007f0b813e0be0:   0000000000000000 0000000000000000
0x00007f0b813e0bf0:   0000000000000000 0000000000000000
0x00007f0b813e0c00:   0000000000000000 0000000000000000
0x00007f0b813e0c10:   0000000000000000 0000000000000000
0x00007f0b813e0c20:   0000000000000000 0000000000000000 

Instructions: (pc=0x00007f0b40b6e33a)
0x00007f0b40b6e31a:   48 89 d9 be 01 00 00 00 48 8b 38 31 c0 e8 14 60
0x00007f0b40b6e32a:   e5 ff 83 fd ff 7c 14 85 ed 7e 2c 83 fd 02 7f 0b
0x00007f0b40b6e33a:   8b 04 25 00 00 00 00 85 c0 74 52 48 8d 35 14 8d
0x00007f0b40b6e34a:   01 00 48 8d 3d f5 81 4f 00 31 c9 ba 02 00 00 00 

Register to memory mapping:

RAX=0x000000000000004e is an unknown value
RBX=0x00007f0b813e0a50 is pointing into the stack for thread: 0x00007f0b7800a000
RCX=0x00007f0b808d088d: __write+0x2d in /lib/x86_64-linux-gnu/libc.so.6 at 0x00007f0b807e5000
RDX=0x00007f0b80ba59d0: <offset 0x3c09d0> in /lib/x86_64-linux-gnu/libc.so.6 at 0x00007f0b807e5000
RSP=0x00007f0b813e0a30 is pointing into the stack for thread: 0x00007f0b7800a000
RBP=0x0000000000000002 is an unknown value
RSI=0x000000000000004e is an unknown value
RDI=0x00007f0b813de200 is pointing into the stack for thread: 0x00007f0b7800a000
R8 =0x00007f0b813e3700 is pointing into the stack for thread: 0x00007f0b7800a000
R9 =0x61646120656c6966 is an unknown value
R10=0x00007f0b80ba1be0: <offset 0x3bcbe0> in /lib/x86_64-linux-gnu/libc.so.6 at 0x00007f0b807e5000
R11=0x0000000000000000 is an unknown value
R12=0x00007f0b813e0a7d is pointing into the stack for thread: 0x00007f0b7800a000
R13=0x00007f0b40b77177: <offset 0x22e177> in /usr/lib/libtesseract.so.3.0.3 at 0x00007f0b40949000
R14=0x00007f0b40e244a0: <offset 0x4db4a0> in /usr/lib/libtesseract.so.3.0.3 at 0x00007f0b40949000
R15=0x00007f0b40b8d7ff: <offset 0x2447ff> in /usr/lib/libtesseract.so.3.0.3 at 0x00007f0b40949000


Stack: [0x00007f0b812e3000,0x00007f0b813e4000],  sp=0x00007f0b813e0a30,  free space=1014k
Native frames: (J=compiled Java code, j=interpreted, Vv=VM code, C=native code)
C  [libtesseract.so.3.0.3+0x22533a]  ERRCODE::error(char const*, TessErrorLogCode, char const*, ...) const+0x16a

Java frames: (J=compiled Java code, j=interpreted, Vv=VM code)
j  com.sun.jna.Native.invokePointer(JI[Ljava/lang/Object;)J+0
j  com.sun.jna.Function.invokePointer(I[Ljava/lang/Object;)Lcom/sun/jna/Pointer;+6
j  com.sun.jna.Function.invoke([Ljava/lang/Object;Ljava/lang/Class;Z)Ljava/lang/Object;+426
j  com.sun.jna.Function.invoke(Ljava/lang/Class;[Ljava/lang/Object;Ljava/util/Map;)Ljava/lang/Object;+262
j  com.sun.jna.Library$Handler.invoke(Ljava/lang/Object;Ljava/lang/reflect/Method;[Ljava/lang/Object;)Ljava/lang/Object;+316
j  com.sun.proxy.$Proxy0.TessBaseAPIGetUTF8Text(Lnet/sourceforge/tess4j/ITessAPI$TessBaseAPI;)Lcom/sun/jna/Pointer;+16
j  net.sourceforge.tess4j.Tesseract.getOCRText(Ljava/lang/String;I)Ljava/lang/String;+62
j  net.sourceforge.tess4j.Tesseract.doOCR(Ljava/util/List;Ljava/lang/String;Ljava/awt/Rectangle;)Ljava/lang/String;+69
j  net.sourceforge.tess4j.Tesseract.doOCR(Ljava/io/File;Ljava/awt/Rectangle;)Ljava/lang/String;+10
j  net.sourceforge.tess4j.Tesseract.doOCR(Ljava/io/File;)Ljava/lang/String;+3
j  tess4j.TesseractInstance.doOCR(Ljava/io/File;)Ljava/lang/String;+10
j  edu.fiu.cate.OCRAndTTS.main([Ljava/lang/String;)V+11
v  ~StubRoutines::call_stub

---------------  P R O C E S S  ---------------

Java Threads: ( => current thread )
  0x00007f0b782bb000 JavaThread "Java2D Disposer" daemon [_thread_blocked, id=13397, stack(0x00007f0b411cf000,0x00007f0b412d0000)]
  0x00007f0b780d5800 JavaThread "Service Thread" daemon [_thread_blocked, id=13395, stack(0x00007f0b42a8c000,0x00007f0b42b8d000)]
  0x00007f0b780c8000 JavaThread "C1 CompilerThread3" daemon [_thread_blocked, id=13394, stack(0x00007f0b42b8d000,0x00007f0b42c8e000)]
  0x00007f0b780c6000 JavaThread "C2 CompilerThread2" daemon [_thread_blocked, id=13393, stack(0x00007f0b42c8e000,0x00007f0b42d8f000)]
  0x00007f0b780c4000 JavaThread "C2 CompilerThread1" daemon [_thread_blocked, id=13392, stack(0x00007f0b42d8f000,0x00007f0b42e90000)]
  0x00007f0b780c1000 JavaThread "C2 CompilerThread0" daemon [_thread_blocked, id=13391, stack(0x00007f0b42e90000,0x00007f0b42f91000)]
  0x00007f0b780c0000 JavaThread "Signal Dispatcher" daemon [_thread_blocked, id=13390, stack(0x00007f0b42f91000,0x00007f0b43092000)]
  0x00007f0b78087800 JavaThread "Finalizer" daemon [_thread_blocked, id=13389, stack(0x00007f0b43774000,0x00007f0b43875000)]
  0x00007f0b78085800 JavaThread "Reference Handler" daemon [_thread_blocked, id=13388, stack(0x00007f0b43875000,0x00007f0b43976000)]
=>0x00007f0b7800a000 JavaThread "main" [_thread_in_native, id=13378, stack(0x00007f0b812e3000,0x00007f0b813e4000)]

Other Threads:
  0x00007f0b78080000 VMThread [stack: 0x00007f0b43976000,0x00007f0b43a77000] [id=13387]
  0x00007f0b780d8000 WatcherThread [stack: 0x00007f0b4298b000,0x00007f0b42a8c000] [id=13396]

VM state:not at safepoint (normal execution)

VM Mutex/Monitor currently owned by a thread: None

Heap:
 PSYoungGen      total 67584K, used 55522K [0x00000000d7b00000, 0x00000000dc200000, 0x0000000100000000)
  eden space 62464K, 86% used [0x00000000d7b00000,0x00000000daf82110,0x00000000db800000)
  from space 5120K, 34% used [0x00000000dbd00000,0x00000000dbeb6aa8,0x00000000dc200000)
  to   space 5120K, 0% used [0x00000000db800000,0x00000000db800000,0x00000000dbd00000)
 ParOldGen       total 83456K, used 34035K [0x0000000087000000, 0x000000008c180000, 0x00000000d7b00000)
  object space 83456K, 40% used [0x0000000087000000,0x000000008913cdf0,0x000000008c180000)
 Metaspace       used 8083K, capacity 8230K, committed 8448K, reserved 1056768K
  class space    used 949K, capacity 1019K, committed 1024K, reserved 1048576K

Card table byte_map: [0x00007f0b7dce2000,0x00007f0b7e0ab000] byte_map_base: 0x00007f0b7d8aa000

Marking Bits: (ParMarkBitMap*) 0x00007f0b807b9de0
 Begin Bits: [0x00007f0b44380000, 0x00007f0b461c0000)
 End Bits:   [0x00007f0b461c0000, 0x00007f0b48000000)

Polling page: 0x00007f0b81401000

CodeCache: size=245760Kb used=3032Kb max_used=3042Kb free=242727Kb
 bounds [0x00007f0b69000000, 0x00007f0b69300000, 0x00007f0b78000000]
 total_blobs=1072 nmethods=719 adapters=267
 compilation: enabled

Compilation events (10 events):
Event: 0.562 Thread 0x00007f0b780c8000 nmethod 715 0x00007f0b692f88d0 code [0x00007f0b692f8a60, 0x00007f0b692f8e38]
Event: 0.562 Thread 0x00007f0b780c6000 nmethod 713 0x00007f0b692f9010 code [0x00007f0b692f9160, 0x00007f0b692f91e8]
Event: 0.566 Thread 0x00007f0b780c1000  716  s    4       java.io.ByteArrayOutputStream::write (66 bytes)
Event: 0.566 Thread 0x00007f0b780c4000  717       4       java.lang.Math::min (12 bytes)
Event: 0.566 Thread 0x00007f0b780c6000  718       4       java.io.RandomAccessFile::readFully (45 bytes)
Event: 0.566 Thread 0x00007f0b780c4000 nmethod 717 0x00007f0b692d2bd0 code [0x00007f0b692d2d20, 0x00007f0b692d2d98]
Event: 0.566 Thread 0x00007f0b780c6000 nmethod 718 0x00007f0b692f70d0 code [0x00007f0b692f7220, 0x00007f0b692f72e8]
Event: 0.568 Thread 0x00007f0b780c1000 nmethod 716 0x00007f0b692f6810 code [0x00007f0b692f6980, 0x00007f0b692f6e68]
Event: 0.626 Thread 0x00007f0b780c8000  719       3       sun.reflect.ClassFileAssembler::emitShort (24 bytes)
Event: 0.626 Thread 0x00007f0b780c8000 nmethod 719 0x00007f0b692f5f90 code [0x00007f0b692f6120, 0x00007f0b692f6438]

GC Heap History (4 events):
Event: 0.328 GC heap before
{Heap before GC invocations=1 (full 0):
 PSYoungGen      total 36352K, used 31232K [0x00000000d7b00000, 0x00000000da380000, 0x0000000100000000)
  eden space 31232K, 100% used [0x00000000d7b00000,0x00000000d9980000,0x00000000d9980000)
  from space 5120K, 0% used [0x00000000d9e80000,0x00000000d9e80000,0x00000000da380000)
  to   space 5120K, 0% used [0x00000000d9980000,0x00000000d9980000,0x00000000d9e80000)
 ParOldGen       total 83456K, used 0K [0x0000000087000000, 0x000000008c180000, 0x00000000d7b00000)
  object space 83456K, 0% used [0x0000000087000000,0x0000000087000000,0x000000008c180000)
 Metaspace       used 6562K, capacity 6778K, committed 7040K, reserved 1056768K
  class space    used 716K, capacity 793K, committed 896K, reserved 1048576K
Event: 0.345 GC heap after
Heap after GC invocations=1 (full 0):
 PSYoungGen      total 36352K, used 1705K [0x00000000d7b00000, 0x00000000dc200000, 0x0000000100000000)
  eden space 31232K, 0% used [0x00000000d7b00000,0x00000000d7b00000,0x00000000d9980000)
  from space 5120K, 33% used [0x00000000d9980000,0x00000000d9b2a7b8,0x00000000d9e80000)
  to   space 5120K, 0% used [0x00000000dbd00000,0x00000000dbd00000,0x00000000dc200000)
 ParOldGen       total 83456K, used 34027K [0x0000000087000000, 0x000000008c180000, 0x00000000d7b00000)
  object space 83456K, 40% used [0x0000000087000000,0x000000008913adf0,0x000000008c180000)
 Metaspace       used 6562K, capacity 6778K, committed 7040K, reserved 1056768K
  class space    used 716K, capacity 793K, committed 896K, reserved 1048576K
}
Event: 0.499 GC heap before
{Heap before GC invocations=2 (full 0):
 PSYoungGen      total 36352K, used 32937K [0x00000000d7b00000, 0x00000000dc200000, 0x0000000100000000)
  eden space 31232K, 100% used [0x00000000d7b00000,0x00000000d9980000,0x00000000d9980000)
  from space 5120K, 33% used [0x00000000d9980000,0x00000000d9b2a7b8,0x00000000d9e80000)
  to   space 5120K, 0% used [0x00000000dbd00000,0x00000000dbd00000,0x00000000dc200000)
 ParOldGen       total 83456K, used 34027K [0x0000000087000000, 0x000000008c180000, 0x00000000d7b00000)
  object space 83456K, 40% used [0x0000000087000000,0x000000008913adf0,0x000000008c180000)
 Metaspace       used 7698K, capacity 7808K, committed 7936K, reserved 1056768K
  class space    used 873K, capacity 922K, committed 1024K, reserved 1048576K
Event: 0.507 GC heap after
Heap after GC invocations=2 (full 0):
 PSYoungGen      total 67584K, used 1754K [0x00000000d7b00000, 0x00000000dc200000, 0x0000000100000000)
  eden space 62464K, 0% used [0x00000000d7b00000,0x00000000d7b00000,0x00000000db800000)
  from space 5120K, 34% used [0x00000000dbd00000,0x00000000dbeb6aa8,0x00000000dc200000)
  to   space 5120K, 0% used [0x00000000db800000,0x00000000db800000,0x00000000dbd00000)
 ParOldGen       total 83456K, used 34035K [0x0000000087000000, 0x000000008c180000, 0x00000000d7b00000)
  object space 83456K, 40% used [0x0000000087000000,0x000000008913cdf0,0x000000008c180000)
 Metaspace       used 7698K, capacity 7808K, committed 7936K, reserved 1056768K
  class space    used 873K, capacity 922K, committed 1024K, reserved 1048576K
}

Deoptimization events (6 events):
Event: 0.307 Thread 0x00007f0b7800a000 Uncommon trap: reason=unstable_if action=reinterpret pc=0x00007f0b691f6df8 method=java.io.BufferedInputStream.read1([BII)I @ 22
Event: 0.314 Thread 0x00007f0b7800a000 Uncommon trap: reason=class_check action=maybe_recompile pc=0x00007f0b691fdfd0 method=java.util.zip.InflaterInputStream.read([BII)I @ 100
Event: 0.314 Thread 0x00007f0b7800a000 Uncommon trap: reason=class_check action=maybe_recompile pc=0x00007f0b691fdfd0 method=java.util.zip.InflaterInputStream.read([BII)I @ 100
Event: 0.314 Thread 0x00007f0b7800a000 Uncommon trap: reason=class_check action=maybe_recompile pc=0x00007f0b691fdfd0 method=java.util.zip.InflaterInputStream.read([BII)I @ 100
Event: 0.315 Thread 0x00007f0b7800a000 Uncommon trap: reason=class_check action=maybe_recompile pc=0x00007f0b691fdfd0 method=java.util.zip.InflaterInputStream.read([BII)I @ 100
Event: 0.597 Thread 0x00007f0b7800a000 Uncommon trap: reason=unstable_if action=reinterpret pc=0x00007f0b692d2d68 method=java.lang.Math.min(JJ)J @ 3

Internal exceptions (10 events):
Event: 0.076 Thread 0x00007f0b7800a000 Exception <a 'java/security/PrivilegedActionException'> (0x00000000d7d54ca8) thrown at [/HUDSON/workspace/8-2-build-linux-amd64/jdk8u60/4407/hotspot/src/share/vm/prims/jvm.cpp, line 1386]
Event: 0.076 Thread 0x00007f0b7800a000 Exception <a 'java/security/PrivilegedActionException'> (0x00000000d7d573e0) thrown at [/HUDSON/workspace/8-2-build-linux-amd64/jdk8u60/4407/hotspot/src/share/vm/prims/jvm.cpp, line 1386]
Event: 0.076 Thread 0x00007f0b7800a000 Exception <a 'java/security/PrivilegedActionException'> (0x00000000d7d577d8) thrown at [/HUDSON/workspace/8-2-build-linux-amd64/jdk8u60/4407/hotspot/src/share/vm/prims/jvm.cpp, line 1386]
Event: 0.112 Thread 0x00007f0b7800a000 Exception <a 'java/lang/NoSuchFieldError': method resolution failed> (0x00000000d7e3e318) thrown at [/HUDSON/workspace/8-2-build-linux-amd64/jdk8u60/4407/hotspot/src/share/vm/prims/methodHandles.cpp, line 1146]
Event: 0.114 Thread 0x00007f0b7800a000 Exception <a 'java/lang/NoSuchFieldError': method resolution failed> (0x00000000d7e4bae8) thrown at [/HUDSON/workspace/8-2-build-linux-amd64/jdk8u60/4407/hotspot/src/share/vm/prims/methodHandles.cpp, line 1146]
Event: 0.128 Thread 0x00007f0b7800a000 Exception <a 'java/io/FileNotFoundException'> (0x00000000d7eca840) thrown at [/HUDSON/workspace/8-2-build-linux-amd64/jdk8u60/4407/hotspot/src/share/vm/prims/jni.cpp, line 709]
Event: 0.128 Thread 0x00007f0b7800a000 Exception <a 'java/io/FileNotFoundException'> (0x00000000d7ecb1f0) thrown at [/HUDSON/workspace/8-2-build-linux-amd64/jdk8u60/4407/hotspot/src/share/vm/prims/jni.cpp, line 709]
Event: 0.137 Thread 0x00007f0b7800a000 Exception <a 'java/lang/NoClassDefFoundError': com/sun/medialib/codec/jiio/Util> (0x00000000d7f10b10) thrown at [/HUDSON/workspace/8-2-build-linux-amd64/jdk8u60/4407/hotspot/src/share/vm/classfile/systemDictionary.cpp, line 199]
Event: 0.349 Thread 0x00007f0b7800a000 Exception <a 'java/lang/UnsatisfiedLinkError': libtesseract.so: cannot open shared object file: No such file or directory> (0x00000000d7b23a80) thrown at [/HUDSON/workspace/8-2-build-linux-amd64/jdk8u60/4407/hotspot/src/share/vm/prims/jni.cpp, line 735]
Event: 0.349 Thread 0x00007f0b7800a000 Exception <a 'java/lang/UnsatisfiedLinkError': libtesseract.so: cannot open shared object file: No such file or directory> (0x00000000d7b24d00) thrown at [/HUDSON/workspace/8-2-build-linux-amd64/jdk8u60/4407/hotspot/src/share/vm/prims/jni.cpp, line 735]

Events (10 events):
Event: 0.548 loading class java/awt/image/DataBufferInt done
Event: 0.597 Thread 0x00007f0b7800a000 Uncommon trap: trap_request=0xffffff65 fr.pc=0x00007f0b692d2d68
Event: 0.597 Thread 0x00007f0b7800a000 DEOPT PACKING pc=0x00007f0b692d2d68 sp=0x00007f0b813e2420
Event: 0.597 Thread 0x00007f0b7800a000 DEOPT UNPACKING pc=0x00007f0b69005229 sp=0x00007f0b813e23e8 mode 2
Event: 0.607 loading class java/nio/DirectByteBuffer$Deallocator
Event: 0.607 loading class java/nio/DirectByteBuffer$Deallocator done
Event: 0.609 loading class java/lang/StrictMath
Event: 0.609 loading class java/lang/StrictMath done
Event: 0.609 loading class com/sun/jna/Native$Buffers
Event: 0.609 loading class com/sun/jna/Native$Buffers done


Dynamic libraries:
00400000-00401000 r-xp 00000000 08:05 4993438                            /usr/lib/jvm/jdk1.8.0_60/bin/java
00600000-00601000 rw-p 00000000 08:05 4993438                            /usr/lib/jvm/jdk1.8.0_60/bin/java
00d64000-00d85000 rw-p 00000000 00:00 0                                  [heap]
87000000-8c180000 rw-p 00000000 00:00 0 
8c180000-d7b00000 ---p 00000000 00:00 0 
d7b00000-dc200000 rw-p 00000000 00:00 0 
dc200000-100000000 ---p 00000000 00:00 0 
100000000-100100000 rw-p 00000000 00:00 0 
100100000-140000000 ---p 00000000 00:00 0 
7f0b1141b000-7f0b12a41000 rw-p 00000000 00:00 0 
7f0b12a41000-7f0b12a57000 r-xp 00000000 08:05 5125043                    /usr/lib/jvm/jdk1.8.0_60/jre/lib/amd64/libnet.so
7f0b12a57000-7f0b12c57000 ---p 00016000 08:05 5125043                    /usr/lib/jvm/jdk1.8.0_60/jre/lib/amd64/libnet.so
7f0b12c57000-7f0b12c58000 rw-p 00016000 08:05 5125043                    /usr/lib/jvm/jdk1.8.0_60/jre/lib/amd64/libnet.so
7f0b12c58000-7f0b12c69000 r-xp 00000000 08:05 5125044                    /usr/lib/jvm/jdk1.8.0_60/jre/lib/amd64/libnio.so
7f0b12c69000-7f0b12e68000 ---p 00011000 08:05 5125044                    /usr/lib/jvm/jdk1.8.0_60/jre/lib/amd64/libnio.so
7f0b12e68000-7f0b12e69000 rw-p 00010000 08:05 5125044                    /usr/lib/jvm/jdk1.8.0_60/jre/lib/amd64/libnio.so
7f0b12e69000-7f0b12e74000 r-xp 00000000 08:05 4727344                    /usr/lib/x86_64-linux-gnu/libjbig.so.0
7f0b12e74000-7f0b13073000 ---p 0000b000 08:05 4727344                    /usr/lib/x86_64-linux-gnu/libjbig.so.0
7f0b13073000-7f0b13074000 r--p 0000a000 08:05 4727344                    /usr/lib/x86_64-linux-gnu/libjbig.so.0
7f0b13074000-7f0b13077000 rw-p 0000b000 08:05 4727344                    /usr/lib/x86_64-linux-gnu/libjbig.so.0
7f0b13077000-7f0b13098000 r-xp 00000000 08:05 7606283                    /lib/x86_64-linux-gnu/liblzma.so.5.0.0
7f0b13098000-7f0b13297000 ---p 00021000 08:05 7606283                    /lib/x86_64-linux-gnu/liblzma.so.5.0.0
7f0b13297000-7f0b13298000 r--p 00020000 08:05 7606283                    /lib/x86_64-linux-gnu/liblzma.so.5.0.0
7f0b13298000-7f0b13299000 rw-p 00021000 08:05 7606283                    /lib/x86_64-linux-gnu/liblzma.so.5.0.0
7f0b13299000-7f0b132ea000 r-xp 00000000 08:05 4727766                    /usr/lib/x86_64-linux-gnu/libwebp.so.5.0.0
7f0b132ea000-7f0b134ea000 ---p 00051000 08:05 4727766                    /usr/lib/x86_64-linux-gnu/libwebp.so.5.0.0
7f0b134ea000-7f0b134eb000 r--p 00051000 08:05 4727766                    /usr/lib/x86_64-linux-gnu/libwebp.so.5.0.0
7f0b134eb000-7f0b134ec000 rw-p 00052000 08:05 4727766                    /usr/lib/x86_64-linux-gnu/libwebp.so.5.0.0
7f0b134ec000-7f0b134f1000 rw-p 00000000 00:00 0 
7f0b134f1000-7f0b1355f000 r-xp 00000000 08:05 4720641                    /usr/lib/x86_64-linux-gnu/libtiff.so.5.2.0
7f0b1355f000-7f0b1375f000 ---p 0006e000 08:05 4720641                    /usr/lib/x86_64-linux-gnu/libtiff.so.5.2.0
7f0b1375f000-7f0b13760000 r--p 0006e000 08:05 4720641                    /usr/lib/x86_64-linux-gnu/libtiff.so.5.2.0
7f0b13760000-7f0b13763000 rw-p 0006f000 08:05 4720641                    /usr/lib/x86_64-linux-gnu/libtiff.so.5.2.0
7f0b13763000-7f0b1376b000 r-xp 00000000 08:05 4721475                    /usr/lib/x86_64-linux-gnu/libgif.so.4.1.6
7f0b1376b000-7f0b1396a000 ---p 00008000 08:05 4721475                    /usr/lib/x86_64-linux-gnu/libgif.so.4.1.6
7f0b1396a000-7f0b1396b000 r--p 00007000 08:05 4721475                    /usr/lib/x86_64-linux-gnu/libgif.so.4.1.6
7f0b1396b000-7f0b1396c000 rw-p 00008000 08:05 4721475                    /usr/lib/x86_64-linux-gnu/libgif.so.4.1.6
7f0b1396c000-7f0b139af000 r-xp 00000000 08:05 4727346                    /usr/lib/x86_64-linux-gnu/libjpeg.so.8.0.2
7f0b139af000-7f0b13baf000 ---p 00043000 08:05 4727346                    /usr/lib/x86_64-linux-gnu/libjpeg.so.8.0.2
7f0b13baf000-7f0b13bb0000 r--p 00043000 08:05 4727346                    /usr/lib/x86_64-linux-gnu/libjpeg.so.8.0.2
7f0b13bb0000-7f0b13bb1000 rw-p 00044000 08:05 4727346                    /usr/lib/x86_64-linux-gnu/libjpeg.so.8.0.2
7f0b13bb1000-7f0b13bc1000 rw-p 00000000 00:00 0 
7f0b13bc1000-7f0b13be6000 r-xp 00000000 08:05 7606351                    /lib/x86_64-linux-gnu/libpng12.so.0.50.0
7f0b13be6000-7f0b13de5000 ---p 00025000 08:05 7606351                    /lib/x86_64-linux-gnu/libpng12.so.0.50.0
7f0b13de5000-7f0b13de6000 r--p 00024000 08:05 7606351                    /lib/x86_64-linux-gnu/libpng12.so.0.50.0
7f0b13de6000-7f0b13de7000 rw-p 00025000 08:05 7606351                    /lib/x86_64-linux-gnu/libpng12.so.0.50.0
7f0b13de7000-7f0b13dff000 r-xp 00000000 08:05 7606399                    /lib/x86_64-linux-gnu/libz.so.1.2.8
7f0b13dff000-7f0b13ffe000 ---p 00018000 08:05 7606399                    /lib/x86_64-linux-gnu/libz.so.1.2.8
7f0b13ffe000-7f0b13fff000 r--p 00017000 08:05 7606399                    /lib/x86_64-linux-gnu/libz.so.1.2.8
7f0b13fff000-7f0b14000000 rw-p 00018000 08:05 7606399                    /lib/x86_64-linux-gnu/libz.so.1.2.8
7f0b14000000-7f0b14021000 rw-p 00000000 00:00 0 
7f0b14021000-7f0b18000000 ---p 00000000 00:00 0 
7f0b18000000-7f0b18021000 rw-p 00000000 00:00 0 
7f0b18021000-7f0b1c000000 ---p 00000000 00:00 0 
7f0b1c000000-7f0b1c388000 rw-p 00000000 00:00 0 
7f0b1c388000-7f0b20000000 ---p 00000000 00:00 0 
7f0b20000000-7f0b20021000 rw-p 00000000 00:00 0 
7f0b20021000-7f0b24000000 ---p 00000000 00:00 0 
7f0b24000000-7f0b241f2000 rw-p 00000000 00:00 0 
7f0b241f2000-7f0b28000000 ---p 00000000 00:00 0 
7f0b28000000-7f0b28268000 rw-p 00000000 00:00 0 
7f0b28268000-7f0b2c000000 ---p 00000000 00:00 0 
7f0b2c000000-7f0b2c021000 rw-p 00000000 00:00 0 
7f0b2c021000-7f0b30000000 ---p 00000000 00:00 0 
7f0b30000000-7f0b30231000 rw-p 00000000 00:00 0 
7f0b30231000-7f0b34000000 ---p 00000000 00:00 0 
7f0b34000000-7f0b34021000 rw-p 00000000 00:00 0 
7f0b34021000-7f0b38000000 ---p 00000000 00:00 0 
7f0b38000000-7f0b38021000 rw-p 00000000 00:00 0 
7f0b38021000-7f0b3c000000 ---p 00000000 00:00 0 
7f0b3c000000-7f0b3c021000 rw-p 00000000 00:00 0 
7f0b3c021000-7f0b40000000 ---p 00000000 00:00 0 
7f0b4002a000-7f0b40040000 r-xp 00000000 08:05 7606263                    /lib/x86_64-linux-gnu/libgcc_s.so.1
7f0b40040000-7f0b4023f000 ---p 00016000 08:05 7606263                    /lib/x86_64-linux-gnu/libgcc_s.so.1
7f0b4023f000-7f0b40240000 rw-p 00015000 08:05 7606263                    /lib/x86_64-linux-gnu/libgcc_s.so.1
7f0b40240000-7f0b40326000 r-xp 00000000 08:05 4722856                    /usr/lib/x86_64-linux-gnu/libstdc++.so.6.0.19
7f0b40326000-7f0b40525000 ---p 000e6000 08:05 4722856                    /usr/lib/x86_64-linux-gnu/libstdc++.so.6.0.19
7f0b40525000-7f0b4052d000 r--p 000e5000 08:05 4722856                    /usr/lib/x86_64-linux-gnu/libstdc++.so.6.0.19
7f0b4052d000-7f0b4052f000 rw-p 000ed000 08:05 4722856                    /usr/lib/x86_64-linux-gnu/libstdc++.so.6.0.19
7f0b4052f000-7f0b40544000 rw-p 00000000 00:00 0 
7f0b40544000-7f0b40742000 r-xp 00000000 08:05 4719851                    /usr/lib/liblept.so.4.0.1
7f0b40742000-7f0b40942000 ---p 001fe000 08:05 4719851                    /usr/lib/liblept.so.4.0.1
7f0b40942000-7f0b40943000 r--p 001fe000 08:05 4719851                    /usr/lib/liblept.so.4.0.1
7f0b40943000-7f0b40949000 rw-p 001ff000 08:05 4719851                    /usr/lib/liblept.so.4.0.1
7f0b40949000-7f0b40c1b000 r-xp 00000000 08:05 4726570                    /usr/lib/libtesseract.so.3.0.3
7f0b40c1b000-7f0b40e1a000 ---p 002d2000 08:05 4726570                    /usr/lib/libtesseract.so.3.0.3
7f0b40e1a000-7f0b40e1f000 r--p 002d1000 08:05 4726570                    /usr/lib/libtesseract.so.3.0.3
7f0b40e1f000-7f0b40e20000 rw-p 002d6000 08:05 4726570                    /usr/lib/libtesseract.so.3.0.3
7f0b40e20000-7f0b410b7000 rw-p 00000000 00:00 0 
7f0b410b7000-7f0b410ce000 r-xp 00000000 08:05 2885387                    /tmp/jna--1224447762/jna8088805106488753886.tmp (deleted)
7f0b410ce000-7f0b411cd000 ---p 00017000 08:05 2885387                    /tmp/jna--1224447762/jna8088805106488753886.tmp (deleted)
7f0b411cd000-7f0b411cf000 rw-p 00016000 08:05 2885387                    /tmp/jna--1224447762/jna8088805106488753886.tmp (deleted)
7f0b411cf000-7f0b411d2000 ---p 00000000 00:00 0 
7f0b411d2000-7f0b412d0000 rw-p 00000000 00:00 0                          [stack:13397]
7f0b412d0000-7f0b412d5000 r-xp 00000000 08:05 4726757                    /usr/lib/x86_64-linux-gnu/libXdmcp.so.6.0.0
7f0b412d5000-7f0b414d4000 ---p 00005000 08:05 4726757                    /usr/lib/x86_64-linux-gnu/libXdmcp.so.6.0.0
7f0b414d4000-7f0b414d5000 r--p 00004000 08:05 4726757                    /usr/lib/x86_64-linux-gnu/libXdmcp.so.6.0.0
7f0b414d5000-7f0b414d6000 rw-p 00005000 08:05 4726757                    /usr/lib/x86_64-linux-gnu/libXdmcp.so.6.0.0
7f0b414d6000-7f0b414d8000 r-xp 00000000 08:05 4726746                    /usr/lib/x86_64-linux-gnu/libXau.so.6.0.0
7f0b414d8000-7f0b416d8000 ---p 00002000 08:05 4726746                    /usr/lib/x86_64-linux-gnu/libXau.so.6.0.0
7f0b416d8000-7f0b416d9000 r--p 00002000 08:05 4726746                    /usr/lib/x86_64-linux-gnu/libXau.so.6.0.0
7f0b416d9000-7f0b416da000 rw-p 00003000 08:05 4726746                    /usr/lib/x86_64-linux-gnu/libXau.so.6.0.0
7f0b416da000-7f0b416f7000 r-xp 00000000 08:05 4727814                    /usr/lib/x86_64-linux-gnu/libxcb.so.1.1.0
7f0b416f7000-7f0b418f7000 ---p 0001d000 08:05 4727814                    /usr/lib/x86_64-linux-gnu/libxcb.so.1.1.0
7f0b418f7000-7f0b418f8000 r--p 0001d000 08:05 4727814                    /usr/lib/x86_64-linux-gnu/libxcb.so.1.1.0
7f0b418f8000-7f0b418f9000 rw-p 0001e000 08:05 4727814                    /usr/lib/x86_64-linux-gnu/libxcb.so.1.1.0
7f0b418f9000-7f0b41908000 r-xp 00000000 08:05 4722739                    /usr/lib/x86_64-linux-gnu/libXi.so.6.1.0
7f0b41908000-7f0b41b07000 ---p 0000f000 08:05 4722739                    /usr/lib/x86_64-linux-gnu/libXi.so.6.1.0
7f0b41b07000-7f0b41b08000 r--p 0000e000 08:05 4722739                    /usr/lib/x86_64-linux-gnu/libXi.so.6.1.0
7f0b41b08000-7f0b41b09000 rw-p 0000f000 08:05 4722739                    /usr/lib/x86_64-linux-gnu/libXi.so.6.1.0
7f0b41b09000-7f0b41b0e000 r-xp 00000000 08:05 4726787                    /usr/lib/x86_64-linux-gnu/libXtst.so.6.1.0
7f0b41b0e000-7f0b41d0d000 ---p 00005000 08:05 4726787                    /usr/lib/x86_64-linux-gnu/libXtst.so.6.1.0
7f0b41d0d000-7f0b41d0e000 r--p 00004000 08:05 4726787                    /usr/lib/x86_64-linux-gnu/libXtst.so.6.1.0
7f0b41d0e000-7f0b41d0f000 rw-p 00005000 08:05 4726787                    /usr/lib/x86_64-linux-gnu/libXtst.so.6.1.0
7f0b41d0f000-7f0b41d18000 r-xp 00000000 08:05 4726537                    /usr/lib/x86_64-linux-gnu/libXrender.so.1.3.0
7f0b41d18000-7f0b41f17000 ---p 00009000 08:05 4726537                    /usr/lib/x86_64-linux-gnu/libXrender.so.1.3.0
7f0b41f17000-7f0b41f18000 r--p 00008000 08:05 4726537                    /usr/lib/x86_64-linux-gnu/libXrender.so.1.3.0
7f0b41f18000-7f0b41f19000 rw-p 00009000 08:05 4726537                    /usr/lib/x86_64-linux-gnu/libXrender.so.1.3.0
7f0b41f19000-7f0b42049000 r-xp 00000000 08:05 4726742                    /usr/lib/x86_64-linux-gnu/libX11.so.6.3.0
7f0b42049000-7f0b42249000 ---p 00130000 08:05 4726742                    /usr/lib/x86_64-linux-gnu/libX11.so.6.3.0
7f0b42249000-7f0b4224a000 r--p 00130000 08:05 4726742                    /usr/lib/x86_64-linux-gnu/libX11.so.6.3.0
7f0b4224a000-7f0b4224e000 rw-p 00131000 08:05 4726742                    /usr/lib/x86_64-linux-gnu/libX11.so.6.3.0
7f0b4224e000-7f0b4225f000 r-xp 00000000 08:05 4722542                    /usr/lib/x86_64-linux-gnu/libXext.so.6.4.0
7f0b4225f000-7f0b4245e000 ---p 00011000 08:05 4722542                    /usr/lib/x86_64-linux-gnu/libXext.so.6.4.0
7f0b4245e000-7f0b4245f000 r--p 00010000 08:05 4722542                    /usr/lib/x86_64-linux-gnu/libXext.so.6.4.0
7f0b4245f000-7f0b42460000 rw-p 00011000 08:05 4722542                    /usr/lib/x86_64-linux-gnu/libXext.so.6.4.0
7f0b42460000-7f0b424b4000 r-xp 00000000 08:05 5114378                    /usr/lib/jvm/jdk1.8.0_60/jre/lib/amd64/libawt_xawt.so
7f0b424b4000-7f0b426b4000 ---p 00054000 08:05 5114378                    /usr/lib/jvm/jdk1.8.0_60/jre/lib/amd64/libawt_xawt.so
7f0b426b4000-7f0b426b8000 rw-p 00054000 08:05 5114378                    /usr/lib/jvm/jdk1.8.0_60/jre/lib/amd64/libawt_xawt.so
7f0b426b8000-7f0b426b9000 rw-p 00000000 00:00 0 
7f0b426b9000-7f0b4275b000 r-xp 00000000 08:05 5114376                    /usr/lib/jvm/jdk1.8.0_60/jre/lib/amd64/libawt.so
7f0b4275b000-7f0b4295b000 ---p 000a2000 08:05 5114376                    /usr/lib/jvm/jdk1.8.0_60/jre/lib/amd64/libawt.so
7f0b4295b000-7f0b42967000 rw-p 000a2000 08:05 5114376                    /usr/lib/jvm/jdk1.8.0_60/jre/lib/amd64/libawt.so
7f0b42967000-7f0b4298b000 rw-p 00000000 00:00 0 
7f0b4298b000-7f0b4298c000 ---p 00000000 00:00 0 
7f0b4298c000-7f0b42a8c000 rw-p 00000000 00:00 0                          [stack:13396]
7f0b42a8c000-7f0b42a8f000 ---p 00000000 00:00 0 
7f0b42a8f000-7f0b42b8d000 rw-p 00000000 00:00 0                          [stack:13395]
7f0b42b8d000-7f0b42b90000 ---p 00000000 00:00 0 
7f0b42b90000-7f0b42c8e000 rw-p 00000000 00:00 0                          [stack:13394]
7f0b42c8e000-7f0b42c91000 ---p 00000000 00:00 0 
7f0b42c91000-7f0b42d8f000 rw-p 00000000 00:00 0                          [stack:13393]
7f0b42d8f000-7f0b42d92000 ---p 00000000 00:00 0 
7f0b42d92000-7f0b42e90000 rw-p 00000000 00:00 0                          [stack:13392]
7f0b42e90000-7f0b42e93000 ---p 00000000 00:00 0 
7f0b42e93000-7f0b42f91000 rw-p 00000000 00:00 0                          [stack:13391]
7f0b42f91000-7f0b42f94000 ---p 00000000 00:00 0 
7f0b42f94000-7f0b43092000 rw-p 00000000 00:00 0                          [stack:13390]
7f0b43092000-7f0b43774000 r--p 00000000 08:05 4725720                    /usr/lib/locale/locale-archive
7f0b43774000-7f0b43777000 ---p 00000000 00:00 0 
7f0b43777000-7f0b43875000 rw-p 00000000 00:00 0                          [stack:13389]
7f0b43875000-7f0b43878000 ---p 00000000 00:00 0 
7f0b43878000-7f0b43976000 rw-p 00000000 00:00 0                          [stack:13388]
7f0b43976000-7f0b43977000 ---p 00000000 00:00 0 
7f0b43977000-7f0b48000000 rw-p 00000000 00:00 0                          [stack:13387]
7f0b48000000-7f0b48021000 rw-p 00000000 00:00 0 
7f0b48021000-7f0b4c000000 ---p 00000000 00:00 0 
7f0b4c000000-7f0b4c021000 rw-p 00000000 00:00 0 
7f0b4c021000-7f0b50000000 ---p 00000000 00:00 0 
7f0b50000000-7f0b50021000 rw-p 00000000 00:00 0 
7f0b50021000-7f0b54000000 ---p 00000000 00:00 0 
7f0b54000000-7f0b54021000 rw-p 00000000 00:00 0 
7f0b54021000-7f0b58000000 ---p 00000000 00:00 0 
7f0b58000000-7f0b58021000 rw-p 00000000 00:00 0 
7f0b58021000-7f0b5c000000 ---p 00000000 00:00 0 
7f0b5c000000-7f0b5c021000 rw-p 00000000 00:00 0 
7f0b5c021000-7f0b60000000 ---p 00000000 00:00 0 
7f0b60000000-7f0b60021000 rw-p 00000000 00:00 0 
7f0b60021000-7f0b64000000 ---p 00000000 00:00 0 
7f0b64000000-7f0b64021000 rw-p 00000000 00:00 0 
7f0b64021000-7f0b68000000 ---p 00000000 00:00 0 
7f0b68073000-7f0b6807d000 r--s 00089000 08:04 1361039                    /mnt/8ACC1B44CC1B2A49/INS/Tess4J/lib/xmlgraphics-commons-1.5.jar
7f0b6807d000-7f0b68086000 r--s 0006f000 08:04 1361030                    /mnt/8ACC1B44CC1B2A49/INS/Tess4J/lib/log4j-1.2.17.jar
7f0b68086000-7f0b6808d000 r--s 00037000 08:04 1361029                    /mnt/8ACC1B44CC1B2A49/INS/Tess4J/lib/junit-4.10.jar
7f0b6808d000-7f0b680a9000 r--s 00393000 08:05 6049913                    /usr/lib/jvm/jdk1.8.0_60/jre/lib/ext/cldrdata.jar
7f0b680a9000-7f0b680b3000 r--s 00116000 08:05 6050242                    /usr/lib/jvm/jdk1.8.0_60/jre/lib/ext/localedata.jar
7f0b680b3000-7f0b680c4000 r--s 00106000 08:04 1361027                    /mnt/8ACC1B44CC1B2A49/INS/Tess4J/lib/jai_imageio.jar
7f0b680c4000-7f0b680d0000 r--s 00108000 08:04 1361026                    /mnt/8ACC1B44CC1B2A49/INS/Tess4J/lib/itext-2.1.7.jar
7f0b680d0000-7f0b69000000 rw-p 00000000 00:00 0 
7f0b69000000-7f0b69300000 rwxp 00000000 00:00 0 
7f0b69300000-7f0b78000000 ---p 00000000 00:00 0 
7f0b78000000-7f0b78eb2000 rw-p 00000000 00:00 0 
7f0b78eb2000-7f0b7c000000 ---p 00000000 00:00 0 
7f0b7c001000-7f0b7c005000 r--s 00095000 08:05 5125084                    /usr/lib/jvm/jdk1.8.0_60/jre/lib/jsse.jar
7f0b7c005000-7f0b7c43e000 rw-p 00000000 00:00 0 
7f0b7c43e000-7f0b7c616000 r--s 03d17000 08:05 5125094                    /usr/lib/jvm/jdk1.8.0_60/jre/lib/rt.jar
7f0b7c616000-7f0b7cdcc000 rw-p 00000000 00:00 0 
7f0b7cdcc000-7f0b7ce8c000 ---p 00000000 00:00 0 
7f0b7ce8c000-7f0b7d254000 rw-p 00000000 00:00 0 
7f0b7d254000-7f0b7d255000 ---p 00000000 00:00 0 
7f0b7d255000-7f0b7d355000 rw-p 00000000 00:00 0                          [stack:13386]
7f0b7d355000-7f0b7d356000 ---p 00000000 00:00 0 
7f0b7d356000-7f0b7d456000 rw-p 00000000 00:00 0                          [stack:13385]
7f0b7d456000-7f0b7d457000 ---p 00000000 00:00 0 
7f0b7d457000-7f0b7d557000 rw-p 00000000 00:00 0                          [stack:13384]
7f0b7d557000-7f0b7d558000 ---p 00000000 00:00 0 
7f0b7d558000-7f0b7d658000 rw-p 00000000 00:00 0                          [stack:13383]
7f0b7d658000-7f0b7d659000 ---p 00000000 00:00 0 
7f0b7d659000-7f0b7d759000 rw-p 00000000 00:00 0                          [stack:13382]
7f0b7d759000-7f0b7d75a000 ---p 00000000 00:00 0 
7f0b7d75a000-7f0b7d85a000 rw-p 00000000 00:00 0                          [stack:13381]
7f0b7d85a000-7f0b7d85b000 ---p 00000000 00:00 0 
7f0b7d85b000-7f0b7d95b000 rw-p 00000000 00:00 0                          [stack:13380]
7f0b7d95b000-7f0b7d95c000 ---p 00000000 00:00 0 
7f0b7d95c000-7f0b7da85000 rw-p 00000000 00:00 0                          [stack:13379]
7f0b7da85000-7f0b7dce2000 ---p 00000000 00:00 0 
7f0b7dce2000-7f0b7dd0b000 rw-p 00000000 00:00 0 
7f0b7dd0b000-7f0b7df67000 ---p 00000000 00:00 0 
7f0b7df67000-7f0b7df8b000 rw-p 00000000 00:00 0 
7f0b7df8b000-7f0b7e0aa000 ---p 00000000 00:00 0 
7f0b7e0aa000-7f0b7e0b7000 rw-p 00000000 00:00 0 
7f0b7e0b7000-7f0b7e46b000 ---p 00000000 00:00 0 
7f0b7e46b000-7f0b7e485000 r-xp 00000000 08:05 5125058                    /usr/lib/jvm/jdk1.8.0_60/jre/lib/amd64/libzip.so
7f0b7e485000-7f0b7e685000 ---p 0001a000 08:05 5125058                    /usr/lib/jvm/jdk1.8.0_60/jre/lib/amd64/libzip.so
7f0b7e685000-7f0b7e686000 rw-p 0001a000 08:05 5125058                    /usr/lib/jvm/jdk1.8.0_60/jre/lib/amd64/libzip.so
7f0b7e686000-7f0b7e691000 r-xp 00000000 08:05 7608558                    /lib/x86_64-linux-gnu/libnss_files-2.19.so
7f0b7e691000-7f0b7e890000 ---p 0000b000 08:05 7608558                    /lib/x86_64-linux-gnu/libnss_files-2.19.so
7f0b7e890000-7f0b7e891000 r--p 0000a000 08:05 7608558                    /lib/x86_64-linux-gnu/libnss_files-2.19.so
7f0b7e891000-7f0b7e892000 rw-p 0000b000 08:05 7608558                    /lib/x86_64-linux-gnu/libnss_files-2.19.so
7f0b7e892000-7f0b7e89d000 r-xp 00000000 08:05 7608578                    /lib/x86_64-linux-gnu/libnss_nis-2.19.so
7f0b7e89d000-7f0b7ea9c000 ---p 0000b000 08:05 7608578                    /lib/x86_64-linux-gnu/libnss_nis-2.19.so
7f0b7ea9c000-7f0b7ea9d000 r--p 0000a000 08:05 7608578                    /lib/x86_64-linux-gnu/libnss_nis-2.19.so
7f0b7ea9d000-7f0b7ea9e000 rw-p 0000b000 08:05 7608578                    /lib/x86_64-linux-gnu/libnss_nis-2.19.so
7f0b7ea9e000-7f0b7eab5000 r-xp 00000000 08:05 7608567                    /lib/x86_64-linux-gnu/libnsl-2.19.so
7f0b7eab5000-7f0b7ecb4000 ---p 00017000 08:05 7608567                    /lib/x86_64-linux-gnu/libnsl-2.19.so
7f0b7ecb4000-7f0b7ecb5000 r--p 00016000 08:05 7608567                    /lib/x86_64-linux-gnu/libnsl-2.19.so
7f0b7ecb5000-7f0b7ecb6000 rw-p 00017000 08:05 7608567                    /lib/x86_64-linux-gnu/libnsl-2.19.so
7f0b7ecb6000-7f0b7ecb8000 rw-p 00000000 00:00 0 
7f0b7ecb8000-7f0b7ecc1000 r-xp 00000000 08:05 7608566                    /lib/x86_64-linux-gnu/libnss_compat-2.19.so
7f0b7ecc1000-7f0b7eec0000 ---p 00009000 08:05 7608566                    /lib/x86_64-linux-gnu/libnss_compat-2.19.so
7f0b7eec0000-7f0b7eec1000 r--p 00008000 08:05 7608566                    /lib/x86_64-linux-gnu/libnss_compat-2.19.so
7f0b7eec1000-7f0b7eec2000 rw-p 00009000 08:05 7608566                    /lib/x86_64-linux-gnu/libnss_compat-2.19.so
7f0b7eec2000-7f0b7eeec000 r-xp 00000000 08:05 5125009                    /usr/lib/jvm/jdk1.8.0_60/jre/lib/amd64/libjava.so
7f0b7eeec000-7f0b7f0ec000 ---p 0002a000 08:05 5125009                    /usr/lib/jvm/jdk1.8.0_60/jre/lib/amd64/libjava.so
7f0b7f0ec000-7f0b7f0ee000 rw-p 0002a000 08:05 5125009                    /usr/lib/jvm/jdk1.8.0_60/jre/lib/amd64/libjava.so
7f0b7f0ee000-7f0b7f0fb000 r-xp 00000000 08:05 5125057                    /usr/lib/jvm/jdk1.8.0_60/jre/lib/amd64/libverify.so
7f0b7f0fb000-7f0b7f2fb000 ---p 0000d000 08:05 5125057                    /usr/lib/jvm/jdk1.8.0_60/jre/lib/amd64/libverify.so
7f0b7f2fb000-7f0b7f2fd000 rw-p 0000d000 08:05 5125057                    /usr/lib/jvm/jdk1.8.0_60/jre/lib/amd64/libverify.so
7f0b7f2fd000-7f0b7f304000 r-xp 00000000 08:05 7608575                    /lib/x86_64-linux-gnu/librt-2.19.so
7f0b7f304000-7f0b7f503000 ---p 00007000 08:05 7608575                    /lib/x86_64-linux-gnu/librt-2.19.so
7f0b7f503000-7f0b7f504000 r--p 00006000 08:05 7608575                    /lib/x86_64-linux-gnu/librt-2.19.so
7f0b7f504000-7f0b7f505000 rw-p 00007000 08:05 7608575                    /lib/x86_64-linux-gnu/librt-2.19.so
7f0b7f505000-7f0b7f60a000 r-xp 00000000 08:05 7608557                    /lib/x86_64-linux-gnu/libm-2.19.so
7f0b7f60a000-7f0b7f809000 ---p 00105000 08:05 7608557                    /lib/x86_64-linux-gnu/libm-2.19.so
7f0b7f809000-7f0b7f80a000 r--p 00104000 08:05 7608557                    /lib/x86_64-linux-gnu/libm-2.19.so
7f0b7f80a000-7f0b7f80b000 rw-p 00105000 08:05 7608557                    /lib/x86_64-linux-gnu/libm-2.19.so
7f0b7f80b000-7f0b804c9000 r-xp 00000000 08:05 5250330                    /usr/lib/jvm/jdk1.8.0_60/jre/lib/amd64/server/libjvm.so
7f0b804c9000-7f0b806c8000 ---p 00cbe000 08:05 5250330                    /usr/lib/jvm/jdk1.8.0_60/jre/lib/amd64/server/libjvm.so
7f0b806c8000-7f0b807a0000 rw-p 00cbd000 08:05 5250330                    /usr/lib/jvm/jdk1.8.0_60/jre/lib/amd64/server/libjvm.so
7f0b807a0000-7f0b807e5000 rw-p 00000000 00:00 0 
7f0b807e5000-7f0b809a0000 r-xp 00000000 08:05 7608572                    /lib/x86_64-linux-gnu/libc-2.19.so
7f0b809a0000-7f0b80b9f000 ---p 001bb000 08:05 7608572                    /lib/x86_64-linux-gnu/libc-2.19.so
7f0b80b9f000-7f0b80ba3000 r--p 001ba000 08:05 7608572                    /lib/x86_64-linux-gnu/libc-2.19.so
7f0b80ba3000-7f0b80ba5000 rw-p 001be000 08:05 7608572                    /lib/x86_64-linux-gnu/libc-2.19.so
7f0b80ba5000-7f0b80baa000 rw-p 00000000 00:00 0 
7f0b80baa000-7f0b80bad000 r-xp 00000000 08:05 7608561                    /lib/x86_64-linux-gnu/libdl-2.19.so
7f0b80bad000-7f0b80dac000 ---p 00003000 08:05 7608561                    /lib/x86_64-linux-gnu/libdl-2.19.so
7f0b80dac000-7f0b80dad000 r--p 00002000 08:05 7608561                    /lib/x86_64-linux-gnu/libdl-2.19.so
7f0b80dad000-7f0b80dae000 rw-p 00003000 08:05 7608561                    /lib/x86_64-linux-gnu/libdl-2.19.so
7f0b80dae000-7f0b80dc3000 r-xp 00000000 08:05 7214911                    /usr/lib/jvm/jdk1.8.0_60/lib/amd64/jli/libjli.so
7f0b80dc3000-7f0b80fc3000 ---p 00015000 08:05 7214911                    /usr/lib/jvm/jdk1.8.0_60/lib/amd64/jli/libjli.so
7f0b80fc3000-7f0b80fc4000 rw-p 00015000 08:05 7214911                    /usr/lib/jvm/jdk1.8.0_60/lib/amd64/jli/libjli.so
7f0b80fc4000-7f0b80fdd000 r-xp 00000000 08:05 7608573                    /lib/x86_64-linux-gnu/libpthread-2.19.so
7f0b80fdd000-7f0b811dc000 ---p 00019000 08:05 7608573                    /lib/x86_64-linux-gnu/libpthread-2.19.so
7f0b811dc000-7f0b811dd000 r--p 00018000 08:05 7608573                    /lib/x86_64-linux-gnu/libpthread-2.19.so
7f0b811dd000-7f0b811de000 rw-p 00019000 08:05 7608573                    /lib/x86_64-linux-gnu/libpthread-2.19.so
7f0b811de000-7f0b811e2000 rw-p 00000000 00:00 0 
7f0b811e2000-7f0b81205000 r-xp 00000000 08:05 7608569                    /lib/x86_64-linux-gnu/ld-2.19.so
7f0b81208000-7f0b8120c000 r--s 00028000 08:04 1361025                    /mnt/8ACC1B44CC1B2A49/INS/Tess4J/lib/ghost4j-0.5.1.jar
7f0b8120c000-7f0b81210000 r--s 0002a000 08:04 1361023                    /mnt/8ACC1B44CC1B2A49/INS/Tess4J/lib/commons-io-2.4.jar
7f0b81210000-7f0b81215000 r--s 00034000 08:04 1361022                    /mnt/8ACC1B44CC1B2A49/INS/Tess4J/lib/commons-beanutils-1.9.1.jar
7f0b81215000-7f0b81219000 r--s 000dc000 08:04 1361028                    /mnt/8ACC1B44CC1B2A49/INS/Tess4J/lib/jna.jar
7f0b81219000-7f0b812e3000 rw-p 00000000 00:00 0 
7f0b812e3000-7f0b812e6000 ---p 00000000 00:00 0 
7f0b812e6000-7f0b813e8000 rw-p 00000000 00:00 0                          [stack:13378]
7f0b813e9000-7f0b813eb000 r--s 0000e000 08:04 1361024                    /mnt/8ACC1B44CC1B2A49/INS/Tess4J/lib/commons-logging-1.1.3.jar
7f0b813eb000-7f0b813ee000 r--s 0233b000 08:04 1361014                    /mnt/8ACC1B44CC1B2A49/INS/Tess4J/dist/tess4j.jar
7f0b813ee000-7f0b813ef000 r--s 00002000 08:04 1360567                    /mnt/8ACC1B44CC1B2A49/INS/freetts-1.2.2-bin/freetts-1.2/lib/mbrola.jar
7f0b813ef000-7f0b813f0000 r--s 00092000 08:04 1360560                    /mnt/8ACC1B44CC1B2A49/INS/freetts-1.2.2-bin/freetts-1.2/lib/cmulex.jar
7f0b813f0000-7f0b813f3000 r--s 000d1000 08:04 1360562                    /mnt/8ACC1B44CC1B2A49/INS/freetts-1.2.2-bin/freetts-1.2/lib/en_us.jar
7f0b813f3000-7f0b813f5000 r--s 0000c000 08:04 1360563                    /mnt/8ACC1B44CC1B2A49/INS/freetts-1.2.2-bin/freetts-1.2/lib/freetts-jsapi10.jar
7f0b813f5000-7f0b813f8000 r--s 00030000 08:04 1360564                    /mnt/8ACC1B44CC1B2A49/INS/freetts-1.2.2-bin/freetts-1.2/lib/freetts.jar
7f0b813f8000-7f0b81400000 rw-s 00000000 08:05 2885386                    /tmp/hsperfdata_harold/13372
7f0b81400000-7f0b81401000 rw-p 00000000 00:00 0 
7f0b81401000-7f0b81402000 r--p 00000000 00:00 0 
7f0b81402000-7f0b81404000 rw-p 00000000 00:00 0 
7f0b81404000-7f0b81405000 r--p 00022000 08:05 7608569                    /lib/x86_64-linux-gnu/ld-2.19.so
7f0b81405000-7f0b81406000 rw-p 00023000 08:05 7608569                    /lib/x86_64-linux-gnu/ld-2.19.so
7f0b81406000-7f0b81407000 rw-p 00000000 00:00 0 
7ffc10dc0000-7ffc10de1000 rw-p 00000000 00:00 0                          [stack]
7ffc10dfb000-7ffc10dfd000 r-xp 00000000 00:00 0                          [vdso]
7ffc10dfd000-7ffc10dff000 r--p 00000000 00:00 0                          [vvar]
ffffffffff600000-ffffffffff601000 r-xp 00000000 00:00 0                  [vsyscall]

VM Arguments:
jvm_args: -Dfile.encoding=UTF-8 
java_command: edu.fiu.cate.OCRAndTTS
java_class_path (initial): /mnt/8ACC1B44CC1B2A49/Software/BookReader/bin:/mnt/8ACC1B44CC1B2A49/Software/FreeTTS/bin:/mnt/8ACC1B44CC1B2A49/INS/freetts-1.2.2-bin/freetts-1.2/lib/freetts.jar:/mnt/8ACC1B44CC1B2A49/INS/freetts-1.2.2-bin/freetts-1.2/lib/freetts-jsapi10.jar:/mnt/8ACC1B44CC1B2A49/INS/freetts-1.2.2-bin/freetts-1.2/lib/en_us.jar:/mnt/8ACC1B44CC1B2A49/INS/freetts-1.2.2-bin/freetts-1.2/lib/cmulex.jar:/mnt/8ACC1B44CC1B2A49/INS/freetts-1.2.2-bin/freetts-1.2/lib/mbrola.jar:/mnt/8ACC1B44CC1B2A49/Software/Tess4J/bin:/mnt/8ACC1B44CC1B2A49/INS/Tess4J/dist/tess4j.jar:/mnt/8ACC1B44CC1B2A49/INS/Tess4J/lib/jna.jar:/mnt/8ACC1B44CC1B2A49/INS/Tess4J/lib/commons-beanutils-1.9.1.jar:/mnt/8ACC1B44CC1B2A49/INS/Tess4J/lib/commons-io-2.4.jar:/mnt/8ACC1B44CC1B2A49/INS/Tess4J/lib/commons-logging-1.1.3.jar:/mnt/8ACC1B44CC1B2A49/INS/Tess4J/lib/ghost4j-0.5.1.jar:/mnt/8ACC1B44CC1B2A49/INS/Tess4J/lib/itext-2.1.7.jar:/mnt/8ACC1B44CC1B2A49/INS/Tess4J/lib/jai_imageio.jar:/mnt/8ACC1B44CC1B2A49/INS/Tess4J/lib/junit-4.10.jar:/mnt/8ACC1B44CC1B2A49/INS/Tess4J/lib/log4j-1.2.17.jar:/mnt/8ACC1B44CC1B2A49/INS/Tess4J/lib/xmlgraphics-commons-1.5.jar
Launcher Type: SUN_STANDARD

Environment Variables:
PATH=/usr/local/sbin:/usr/local/bin:/usr/sbin:/usr/bin:/sbin:/bin:/usr/games:/usr/local/games
SHELL=/bin/bash
DISPLAY=:0

Signal Handlers:
SIGSEGV: [libjvm.so+0xaba070], sa_mask[0]=11111111011111111101111111111110, sa_flags=SA_RESTART|SA_SIGINFO
SIGBUS: [libjvm.so+0xaba070], sa_mask[0]=11111111011111111101111111111110, sa_flags=SA_RESTART|SA_SIGINFO
SIGFPE: [libjvm.so+0x917630], sa_mask[0]=11111111011111111101111111111110, sa_flags=SA_RESTART|SA_SIGINFO
SIGPIPE: [libjvm.so+0x917630], sa_mask[0]=11111111011111111101111111111110, sa_flags=SA_RESTART|SA_SIGINFO
SIGXFSZ: [libjvm.so+0x917630], sa_mask[0]=11111111011111111101111111111110, sa_flags=SA_RESTART|SA_SIGINFO
SIGILL: [libjvm.so+0x917630], sa_mask[0]=11111111011111111101111111111110, sa_flags=SA_RESTART|SA_SIGINFO
SIGUSR1: SIG_DFL, sa_mask[0]=00000000000000000000000000000000, sa_flags=none
SIGUSR2: [libjvm.so+0x918c60], sa_mask[0]=00100000000000000000000000000000, sa_flags=SA_RESTART|SA_SIGINFO
SIGHUP: [libjvm.so+0x91a060], sa_mask[0]=11111111011111111101111111111110, sa_flags=SA_RESTART|SA_SIGINFO
SIGINT: [libjvm.so+0x91a060], sa_mask[0]=11111111011111111101111111111110, sa_flags=SA_RESTART|SA_SIGINFO
SIGTERM: [libjvm.so+0x91a060], sa_mask[0]=11111111011111111101111111111110, sa_flags=SA_RESTART|SA_SIGINFO
SIGQUIT: [libjvm.so+0x91a060], sa_mask[0]=11111111011111111101111111111110, sa_flags=SA_RESTART|SA_SIGINFO


---------------  S Y S T E M  ---------------

OS:DISTRIB_ID=Ubuntu
DISTRIB_RELEASE=14.04
DISTRIB_CODENAME=trusty
DISTRIB_DESCRIPTION="Ubuntu 14.04.3 LTS"

uname:Linux 3.16.0-45-generic #60~14.04.1-Ubuntu SMP Fri Jul 24 21:16:23 UTC 2015 x86_64
libc:glibc 2.19 NPTL 2.19 
rlimit: STACK 8192k, CORE 0k, NPROC 30583, NOFILE 4096, AS infinity
load average:0.60 0.52 0.64

/proc/meminfo:
MemTotal:        7924900 kB
MemFree:          230148 kB
MemAvailable:    4131432 kB
Buffers:         1470680 kB
Cached:          2944908 kB
SwapCached:            0 kB
Active:          4526432 kB
Inactive:        2517832 kB
Active(anon):    2646344 kB
Inactive(anon):   575900 kB
Active(file):    1880088 kB
Inactive(file):  1941932 kB
Unevictable:         264 kB
Mlocked:             264 kB
SwapTotal:             0 kB
SwapFree:              0 kB
Dirty:              2244 kB
Writeback:             0 kB
AnonPages:       2628564 kB
Mapped:           536816 kB
Shmem:            593732 kB
Slab:             503332 kB
SReclaimable:     332656 kB
SUnreclaim:       170676 kB
KernelStack:       12640 kB
PageTables:        51728 kB
NFS_Unstable:          0 kB
Bounce:                0 kB
WritebackTmp:          0 kB
CommitLimit:     3962448 kB
Committed_AS:    8982068 kB
VmallocTotal:   34359738367 kB
VmallocUsed:      556480 kB
VmallocChunk:   34359062440 kB
HardwareCorrupted:     0 kB
AnonHugePages:    743424 kB
HugePages_Total:       0
HugePages_Free:        0
HugePages_Rsvd:        0
HugePages_Surp:        0
Hugepagesize:       2048 kB
DirectMap4k:       78592 kB
DirectMap2M:     3862528 kB
DirectMap1G:     4194304 kB


CPU:total 8 (4 cores per cpu, 2 threads per core) family 6 model 60 stepping 3, cmov, cx8, fxsr, mmx, sse, sse2, sse3, ssse3, sse4.1, sse4.2, popcnt, avx, avx2, aes, clmul, erms, lzcnt, ht, tsc, tscinvbit, bmi1, bmi2

/proc/cpuinfo:
processor	: 0
vendor_id	: GenuineIntel
cpu family	: 6
model		: 60
model name	: Intel(R) Core(TM) i7-4700MQ CPU @ 2.40GHz
stepping	: 3
microcode	: 0x8
cpu MHz		: 3199.406
cache size	: 6144 KB
physical id	: 0
siblings	: 8
core id		: 0
cpu cores	: 4
apicid		: 0
initial apicid	: 0
fpu		: yes
fpu_exception	: yes
cpuid level	: 13
wp		: yes
flags		: fpu vme de pse tsc msr pae mce cx8 apic sep mtrr pge mca cmov pat pse36 clflush dts acpi mmx fxsr sse sse2 ss ht tm pbe syscall nx pdpe1gb rdtscp lm constant_tsc arch_perfmon pebs bts rep_good nopl xtopology nonstop_tsc aperfmperf eagerfpu pni pclmulqdq dtes64 monitor ds_cpl vmx est tm2 ssse3 fma cx16 xtpr pdcm pcid sse4_1 sse4_2 movbe popcnt tsc_deadline_timer aes xsave avx f16c rdrand lahf_lm abm ida arat epb xsaveopt pln pts dtherm tpr_shadow vnmi flexpriority ept vpid fsgsbase tsc_adjust bmi1 avx2 smep bmi2 erms invpcid
bogomips	: 4788.51
clflush size	: 64
cache_alignment	: 64
address sizes	: 39 bits physical, 48 bits virtual
power management:

processor	: 1
vendor_id	: GenuineIntel
cpu family	: 6
model		: 60
model name	: Intel(R) Core(TM) i7-4700MQ CPU @ 2.40GHz
stepping	: 3
microcode	: 0x8
cpu MHz		: 3151.312
cache size	: 6144 KB
physical id	: 0
siblings	: 8
core id		: 0
cpu cores	: 4
apicid		: 1
initial apicid	: 1
fpu		: yes
fpu_exception	: yes
cpuid level	: 13
wp		: yes
flags		: fpu vme de pse tsc msr pae mce cx8 apic sep mtrr pge mca cmov pat pse36 clflush dts acpi mmx fxsr sse sse2 ss ht tm pbe syscall nx pdpe1gb rdtscp lm constant_tsc arch_perfmon pebs bts rep_good nopl xtopology nonstop_tsc aperfmperf eagerfpu pni pclmulqdq dtes64 monitor ds_cpl vmx est tm2 ssse3 fma cx16 xtpr pdcm pcid sse4_1 sse4_2 movbe popcnt tsc_deadline_timer aes xsave avx f16c rdrand lahf_lm abm ida arat epb xsaveopt pln pts dtherm tpr_shadow vnmi flexpriority ept vpid fsgsbase tsc_adjust bmi1 avx2 smep bmi2 erms invpcid
bogomips	: 4788.51
clflush size	: 64
cache_alignment	: 64
address sizes	: 39 bits physical, 48 bits virtual
power management:

processor	: 2
vendor_id	: GenuineIntel
cpu family	: 6
model		: 60
model name	: Intel(R) Core(TM) i7-4700MQ CPU @ 2.40GHz
stepping	: 3
microcode	: 0x8
cpu MHz		: 3204.937
cache size	: 6144 KB
physical id	: 0
siblings	: 8
core id		: 1
cpu cores	: 4
apicid		: 2
initial apicid	: 2
fpu		: yes
fpu_exception	: yes
cpuid level	: 13
wp		: yes
flags		: fpu vme de pse tsc msr pae mce cx8 apic sep mtrr pge mca cmov pat pse36 clflush dts acpi mmx fxsr sse sse2 ss ht tm pbe syscall nx pdpe1gb rdtscp lm constant_tsc arch_perfmon pebs bts rep_good nopl xtopology nonstop_tsc aperfmperf eagerfpu pni pclmulqdq dtes64 monitor ds_cpl vmx est tm2 ssse3 fma cx16 xtpr pdcm pcid sse4_1 sse4_2 movbe popcnt tsc_deadline_timer aes xsave avx f16c rdrand lahf_lm abm ida arat epb xsaveopt pln pts dtherm tpr_shadow vnmi flexpriority ept vpid fsgsbase tsc_adjust bmi1 avx2 smep bmi2 erms invpcid
bogomips	: 4788.51
clflush size	: 64
cache_alignment	: 64
address sizes	: 39 bits physical, 48 bits virtual
power management:

processor	: 3
vendor_id	: GenuineIntel
cpu family	: 6
model		: 60
model name	: Intel(R) Core(TM) i7-4700MQ CPU @ 2.40GHz
stepping	: 3
microcode	: 0x8
cpu MHz		: 3200.250
cache size	: 6144 KB
physical id	: 0
siblings	: 8
core id		: 1
cpu cores	: 4
apicid		: 3
initial apicid	: 3
fpu		: yes
fpu_exception	: yes
cpuid level	: 13
wp		: yes
flags		: fpu vme de pse tsc msr pae mce cx8 apic sep mtrr pge mca cmov pat pse36 clflush dts acpi mmx fxsr sse sse2 ss ht tm pbe syscall nx pdpe1gb rdtscp lm constant_tsc arch_perfmon pebs bts rep_good nopl xtopology nonstop_tsc aperfmperf eagerfpu pni pclmulqdq dtes64 monitor ds_cpl vmx est tm2 ssse3 fma cx16 xtpr pdcm pcid sse4_1 sse4_2 movbe popcnt tsc_deadline_timer aes xsave avx f16c rdrand lahf_lm abm ida arat epb xsaveopt pln pts dtherm tpr_shadow vnmi flexpriority ept vpid fsgsbase tsc_adjust bmi1 avx2 smep bmi2 erms invpcid
bogomips	: 4788.51
clflush size	: 64
cache_alignment	: 64
address sizes	: 39 bits physical, 48 bits virtual
power management:

processor	: 4
vendor_id	: GenuineIntel
cpu family	: 6
model		: 60
model name	: Intel(R) Core(TM) i7-4700MQ CPU @ 2.40GHz
stepping	: 3
microcode	: 0x8
cpu MHz		: 3302.625
cache size	: 6144 KB
physical id	: 0
siblings	: 8
core id		: 2
cpu cores	: 4
apicid		: 4
initial apicid	: 4
fpu		: yes
fpu_exception	: yes
cpuid level	: 13
wp		: yes
flags		: fpu vme de pse tsc msr pae mce cx8 apic sep mtrr pge mca cmov pat pse36 clflush dts acpi mmx fxsr sse sse2 ss ht tm pbe syscall nx pdpe1gb rdtscp lm constant_tsc arch_perfmon pebs bts rep_good nopl xtopology nonstop_tsc aperfmperf eagerfpu pni pclmulqdq dtes64 monitor ds_cpl vmx est tm2 ssse3 fma cx16 xtpr pdcm pcid sse4_1 sse4_2 movbe popcnt tsc_deadline_timer aes xsave avx f16c rdrand lahf_lm abm ida arat epb xsaveopt pln pts dtherm tpr_shadow vnmi flexpriority ept vpid fsgsbase tsc_adjust bmi1 avx2 smep bmi2 erms invpcid
bogomips	: 4788.51
clflush size	: 64
cache_alignment	: 64
address sizes	: 39 bits physical, 48 bits virtual
power management:

processor	: 5
vendor_id	: GenuineIntel
cpu family	: 6
model		: 60
model name	: Intel(R) Core(TM) i7-4700MQ CPU @ 2.40GHz
stepping	: 3
microcode	: 0x8
cpu MHz		: 3164.250
cache size	: 6144 KB
physical id	: 0
siblings	: 8
core id		: 2
cpu cores	: 4
apicid		: 5
initial apicid	: 5
fpu		: yes
fpu_exception	: yes
cpuid level	: 13
wp		: yes
flags		: fpu vme de pse tsc msr pae mce cx8 apic sep mtrr pge mca cmov pat pse36 clflush dts acpi mmx fxsr sse sse2 ss ht tm pbe syscall nx pdpe1gb rdtscp lm constant_tsc arch_perfmon pebs bts rep_good nopl xtopology nonstop_tsc aperfmperf eagerfpu pni pclmulqdq dtes64 monitor ds_cpl vmx est tm2 ssse3 fma cx16 xtpr pdcm pcid sse4_1 sse4_2 movbe popcnt tsc_deadline_timer aes xsave avx f16c rdrand lahf_lm abm ida arat epb xsaveopt pln pts dtherm tpr_shadow vnmi flexpriority ept vpid fsgsbase tsc_adjust bmi1 avx2 smep bmi2 erms invpcid
bogomips	: 4788.51
clflush size	: 64
cache_alignment	: 64
address sizes	: 39 bits physical, 48 bits virtual
power management:

processor	: 6
vendor_id	: GenuineIntel
cpu family	: 6
model		: 60
model name	: Intel(R) Core(TM) i7-4700MQ CPU @ 2.40GHz
stepping	: 3
microcode	: 0x8
cpu MHz		: 3191.062
cache size	: 6144 KB
physical id	: 0
siblings	: 8
core id		: 3
cpu cores	: 4
apicid		: 6
initial apicid	: 6
fpu		: yes
fpu_exception	: yes
cpuid level	: 13
wp		: yes
flags		: fpu vme de pse tsc msr pae mce cx8 apic sep mtrr pge mca cmov pat pse36 clflush dts acpi mmx fxsr sse sse2 ss ht tm pbe syscall nx pdpe1gb rdtscp lm constant_tsc arch_perfmon pebs bts rep_good nopl xtopology nonstop_tsc aperfmperf eagerfpu pni pclmulqdq dtes64 monitor ds_cpl vmx est tm2 ssse3 fma cx16 xtpr pdcm pcid sse4_1 sse4_2 movbe popcnt tsc_deadline_timer aes xsave avx f16c rdrand lahf_lm abm ida arat epb xsaveopt pln pts dtherm tpr_shadow vnmi flexpriority ept vpid fsgsbase tsc_adjust bmi1 avx2 smep bmi2 erms invpcid
bogomips	: 4788.51
clflush size	: 64
cache_alignment	: 64
address sizes	: 39 bits physical, 48 bits virtual
power management:

processor	: 7
vendor_id	: GenuineIntel
cpu family	: 6
model		: 60
model name	: Intel(R) Core(TM) i7-4700MQ CPU @ 2.40GHz
stepping	: 3
microcode	: 0x8
cpu MHz		: 3121.406
cache size	: 6144 KB
physical id	: 0
siblings	: 8
core id		: 3
cpu cores	: 4
apicid		: 7
initial apicid	: 7
fpu		: yes
fpu_exception	: yes
cpuid level	: 13
wp		: yes
flags		: fpu vme de pse tsc msr pae mce cx8 apic sep mtrr pge mca cmov pat pse36 clflush dts acpi mmx fxsr sse sse2 ss ht tm pbe syscall nx pdpe1gb rdtscp lm constant_tsc arch_perfmon pebs bts rep_good nopl xtopology nonstop_tsc aperfmperf eagerfpu pni pclmulqdq dtes64 monitor ds_cpl vmx est tm2 ssse3 fma cx16 xtpr pdcm pcid sse4_1 sse4_2 movbe popcnt tsc_deadline_timer aes xsave avx f16c rdrand lahf_lm abm ida arat epb xsaveopt pln pts dtherm tpr_shadow vnmi flexpriority ept vpid fsgsbase tsc_adjust bmi1 avx2 smep bmi2 erms invpcid
bogomips	: 4788.51
clflush size	: 64
cache_alignment	: 64
address sizes	: 39 bits physical, 48 bits virtual
power management:



Memory: 4k page, physical 7924900k(229888k free), swap 0k(0k free)

vm_info: Java HotSpot(TM) 64-Bit Server VM (25.60-b23) for linux-amd64 JRE (1.8.0_60-b27), built on Aug  4 2015 12:19:40 by "java_re" with gcc 4.3.0 20080428 (Red Hat 4.3.0-8)

time: Tue Sep 15 18:00:22 2015
elapsed time: 0 seconds (0d 0h 0m 0s)

